<?xml version="1.0" encoding="UTF-8"?>
<!-- Generated by org.testng.reporters.JUnitXMLReporter -->
<testsuite ignored="0" hostname="Boobal" failures="1" tests="1" name="Default test" time="2.737" errors="0" timestamp="2022-03-12T20:32:30 IST">
  <testcase classname="io.cucumber.testng.AbstractTestNGCucumberTests" name="runScenario" time="0.203">
    <failure type="java.lang.NullPointerException" message="Cannot invoke &amp;quot;org.openqa.selenium.WebDriver.get(String)&amp;quot; because &amp;quot;this.driver&amp;quot; is null">
      <![CDATA[java.lang.NullPointerException: Cannot invoke "org.openqa.selenium.WebDriver.get(String)" because "this.driver" is null
at com.cucumber.StepDefinition.FeatureSteps.userOnHomePage(FeatureSteps.java:34)
at ✽.User is on Home page(file:///C:/Users/booba/eclipse-workspace/Cucumber_TestNG/src/test/java/Features/NewDemo.feature:6)
]]>
    </failure>
  </testcase> <!-- runScenario -->
</testsuite> <!-- Default test -->
