<?xml version="1.0" encoding="UTF-8"?>
<!-- Generated by org.testng.reporters.JUnitXMLReporter -->
<testsuite ignored="0" hostname="Boobal" failures="1" tests="2" name="Default test" time="35.358" errors="0" timestamp="2022-07-26T21:16:46 IST">
  <testcase classname="io.cucumber.testng.AbstractTestNGCucumberTests" name="runScenario" time="17.014">
    <failure type="java.lang.AssertionError" message="null">
      <![CDATA[java.lang.AssertionError: null
at org.testng.Assert.fail(Assert.java:99)
at org.testng.Assert.fail(Assert.java:106)
at com.cucumber.pages.ResultPage.CompareTemp(ResultPage.java:35)
at com.cucumber.StepDefinition.FeatureSteps.compare_temperature_from_api_with_ui(FeatureSteps.java:101)
at ✽.Compare temperature from API with UI(file:///C:/Users/booba/git/Cucumber_TestNG/src/test/java/Features/CompareResults.feature:14)
]]>
    </failure>
  </testcase> <!-- runScenario -->
  <testcase classname="io.cucumber.testng.AbstractTestNGCucumberTests" name="runScenario" time="14.96"/>
</testsuite> <!-- Default test -->
