<?xml version="1.0" encoding="UTF-8"?>
<testng-results ignored="0" total="1" passed="1" failed="0" skipped="0">
  <reporter-output>
  </reporter-output>
  <suite started-at="2022-07-25T09:26:11 IST" name="Default suite" finished-at="2022-07-25T09:26:27 IST" duration-ms="15967">
    <groups>
      <group name="cucumber">
        <method signature="AbstractTestNGCucumberTests.runScenario(io.cucumber.testng.PickleWrapper,io.cucumber.testng.FeatureWrapper)[pri:0, instance:com.cucumber.testNG.Runner@1b11171f]" name="runScenario" class="io.cucumber.testng.AbstractTestNGCucumberTests"/>
      </group> <!-- cucumber -->
    </groups>
    <test started-at="2022-07-25T09:26:11 IST" name="Default test" finished-at="2022-07-25T09:26:27 IST" duration-ms="15967">
      <class name="com.cucumber.testNG.Runner">
        <test-method is-config="true" signature="setUpClass(org.testng.ITestContext)[pri:0, instance:com.cucumber.testNG.Runner@1b11171f]" started-at="2022-07-25T09:26:11 IST" name="setUpClass" finished-at="2022-07-25T09:26:11 IST" duration-ms="501" status="PASS">
          <params>
            <param index="0">
              <value>
                <![CDATA[org.testng.TestRunner@3457cc8d]]>
              </value>
            </param>
          </params>
          <reporter-output>
          </reporter-output>
        </test-method> <!-- setUpClass -->
        <test-method signature="runScenario(io.cucumber.testng.PickleWrapper,io.cucumber.testng.FeatureWrapper)[pri:0, instance:com.cucumber.testNG.Runner@1b11171f]" started-at="2022-07-25T09:26:11 IST" name="runScenario" description="Runs Cucumber Scenarios" data-provider="scenarios" finished-at="2022-07-25T09:26:25 IST" duration-ms="13520" status="PASS">
          <params>
            <param index="0">
              <value>
                <![CDATA["Validate weather with UI and API"]]>
              </value>
            </param>
            <param index="1">
              <value>
                <![CDATA["Compare temperature from accuweather UI with API"]]>
              </value>
            </param>
          </params>
          <reporter-output>
          </reporter-output>
        </test-method> <!-- runScenario -->
        <test-method is-config="true" signature="tearDownClass()[pri:0, instance:com.cucumber.testNG.Runner@1b11171f]" started-at="2022-07-25T09:26:25 IST" name="tearDownClass" finished-at="2022-07-25T09:26:27 IST" duration-ms="1914" status="PASS">
          <reporter-output>
          </reporter-output>
        </test-method> <!-- tearDownClass -->
      </class> <!-- com.cucumber.testNG.Runner -->
    </test> <!-- Default test -->
  </suite> <!-- Default suite -->
</testng-results>
