<?xml version="1.0" encoding="UTF-8"?>
<testng-results ignored="0" total="1" passed="1" failed="0" skipped="0">
  <reporter-output>
  </reporter-output>
  <suite started-at="2022-03-16T10:16:21 IST" name="Default suite" finished-at="2022-03-16T10:16:50 IST" duration-ms="29059">
    <groups>
      <group name="cucumber">
        <method signature="AbstractTestNGCucumberTests.runScenario(io.cucumber.testng.PickleWrapper,io.cucumber.testng.FeatureWrapper)[pri:0, instance:com.cucumber.testNG.Runner@359f7cdf]" name="runScenario" class="io.cucumber.testng.AbstractTestNGCucumberTests"/>
      </group> <!-- cucumber -->
    </groups>
    <test started-at="2022-03-16T10:16:21 IST" name="Default test" finished-at="2022-03-16T10:16:50 IST" duration-ms="29059">
      <class name="com.cucumber.testNG.Runner">
        <test-method is-config="true" signature="setUpClass()[pri:0, instance:com.cucumber.testNG.Runner@359f7cdf]" started-at="2022-03-16T10:16:21 IST" name="setUpClass" finished-at="2022-03-16T10:16:21 IST" duration-ms="564" status="PASS">
          <reporter-output>
          </reporter-output>
        </test-method> <!-- setUpClass -->
        <test-method signature="runScenario(io.cucumber.testng.PickleWrapper,io.cucumber.testng.FeatureWrapper)[pri:0, instance:com.cucumber.testNG.Runner@359f7cdf]" started-at="2022-03-16T10:16:21 IST" name="runScenario" description="Runs Cucumber Scenarios" data-provider="scenarios" finished-at="2022-03-16T10:16:48 IST" duration-ms="26427" status="PASS">
          <params>
            <param index="0">
              <value>
                <![CDATA["Validate weather with UI and API"]]>
              </value>
            </param>
            <param index="1">
              <value>
                <![CDATA["Optional[Compare temperature from accuweather UI with API]"]]>
              </value>
            </param>
          </params>
          <reporter-output>
          </reporter-output>
        </test-method> <!-- runScenario -->
        <test-method is-config="true" signature="tearDownClass()[pri:0, instance:com.cucumber.testNG.Runner@359f7cdf]" started-at="2022-03-16T10:16:48 IST" name="tearDownClass" finished-at="2022-03-16T10:16:50 IST" duration-ms="2013" status="PASS">
          <reporter-output>
          </reporter-output>
        </test-method> <!-- tearDownClass -->
      </class> <!-- com.cucumber.testNG.Runner -->
    </test> <!-- Default test -->
  </suite> <!-- Default suite -->
</testng-results>
