<?xml version="1.0" encoding="UTF-8"?>
<!-- Generated by org.testng.reporters.JUnitReportReporter -->
<testsuite hostname="Boobal" failures="1" tests="2" name="com.cucumber.testNG.Runner" time="31.974" errors="0" timestamp="2022-07-26T21:16:47 IST" skipped="0">
  <testcase classname="com.cucumber.testNG.Runner" name="runScenario" time="14.960"/>
  <system-out/>
  <testcase classname="com.cucumber.testNG.Runner" name="runScenario" time="17.014">
    <failure message="null" type="java.lang.AssertionError">
      <![CDATA[java.lang.AssertionError: null
at org.testng.Assert.fail(Assert.java:99)
at org.testng.Assert.fail(Assert.java:106)
at com.cucumber.pages.ResultPage.CompareTemp(ResultPage.java:35)
at com.cucumber.StepDefinition.FeatureSteps.compare_temperature_from_api_with_ui(FeatureSteps.java:101)
at ✽.Compare temperature from API with UI(file:///C:/Users/booba/git/Cucumber_TestNG/src/test/java/Features/CompareResults.feature:14)
]]>
    </failure>
  </testcase> <!-- runScenario -->
  <system-out/>
</testsuite> <!-- com.cucumber.testNG.Runner -->
