<?xml version="1.0" encoding="UTF-8"?>
<!-- Generated by org.testng.reporters.JUnitReportReporter -->
<testsuite hostname="Boobal" failures="1" tests="1" name="com.cucumber.testNG.FailedCaseRunner" time="13.935" errors="0" timestamp="2022-07-25T23:11:18 IST" skipped="0">
  <testcase classname="com.cucumber.testNG.FailedCaseRunner" name="runScenario" time="13.935">
    <failure message="null" type="java.lang.AssertionError">
      <![CDATA[java.lang.AssertionError: null
at org.testng.Assert.fail(Assert.java:99)
at org.testng.Assert.fail(Assert.java:106)
at com.cucumber.pages.ResultPage.CompareTemp(ResultPage.java:35)
at com.cucumber.StepDefinition.FeatureSteps.compare_temperature_from_api_with_ui(FeatureSteps.java:96)
at ✽.Compare temperature from API with UI(file:///C:/Users/booba/git/Cucumber_TestNG/src/test/java/Features/CompareResults.feature:33)
]]>
    </failure>
  </testcase> <!-- runScenario -->
  <system-out/>
</testsuite> <!-- com.cucumber.testNG.FailedCaseRunner -->
