<?xml version="1.0" encoding="UTF-8"?>
<!-- Generated by org.testng.reporters.JUnitReportReporter -->
<testsuite hostname="Boobal" failures="0" tests="1" name="com.cucumber.TestNG.TestNGRunner" time="0.132" errors="1" timestamp="2022-03-11T09:48:32 IST" skipped="0">
  <testcase classname="com.cucumber.TestNG.TestNGRunner" name="runScenario" time="0.132">
    <error message="Cannot invoke &quot;org.openqa.selenium.WebDriver.get(String)&quot; because &quot;this.driver&quot; is null" type="java.lang.NullPointerException">
      <![CDATA[java.lang.NullPointerException: Cannot invoke "org.openqa.selenium.WebDriver.get(String)" because "this.driver" is null
at com.cucumber.StepDefinition.FeatureSteps.userOnHomePage(FeatureSteps.java:33)
at ✽.User is on Home page(file:///C:/Users/booba/eclipse-workspace/Cucumber_TestNG/src/test/java/Features/NewDemo.feature:6)
]]>
    </error>
  </testcase> <!-- runScenario -->
  <system-out/>
</testsuite> <!-- com.cucumber.TestNG.TestNGRunner -->
